{"timestamp": "2026-04-27T02:52:21.689771", "level": "ERROR", "component": "Orchestrator", "message": "Task failed: DISCOVER_WORKSPACE", "context": {"hash": "5eb828b1210b182173a0ca053191b4bd", "name": "DISCOVER_WORKSPACE", "data": null, "error_type": "TypeError", "traceback": "Traceback (most recent call last):\n  File \"/data/data/com.termux/files/home/hermuxclaw/core/orchestrator.py\", line 51, in run_cycle\n    self._execute_task(task)\n    ~~~~~~~~~~~~~~~~~~^^^^^^\n  File \"/data/data/com.termux/files/home/hermuxclaw/core/orchestrator.py\", line 75, in _execute_task\n    scheduler.add_task(\"MAP_FILE\", priority=5, data=os.path.join(root, f))\n    ~~~~~~~~~~~~~~~~~~^^^^^^^^^^^^^^^^^^^^^^^^^^^^^^^^^^^^^^^^^^^^^^^^^^^^\n  File \"/data/data/com.termux/files/home/hermuxclaw/core/scheduler.py\", line 40, in add_task\n    heapq.heappush(self.queue, (-priority, {\"hash\": task_hash, \"name\": name, \"data\": data}))\n    ~~~~~~~~~~~~~~^^^^^^^^^^^^^^^^^^^^^^^^^^^^^^^^^^^^^^^^^^^^^^^^^^^^^^^^^^^^^^^^^^^^^^^^^^\nTypeError: '<' not supported between instances of 'dict' and 'dict'\n"}}
{"timestamp": "2026-04-27T02:52:26.699801", "level": "INFO", "component": "HealthMonitor", "message": "Scheduled repair for: Orchestrator_TypeError", "context": {}}
{"timestamp": "2026-04-27T02:55:19.841345", "level": "INFO", "component": "HealthMonitor", "message": "Scheduled repair for: Orchestrator_TypeError", "context": {}}
{"timestamp": "2026-04-27T02:55:19.857567", "level": "ERROR", "component": "Orchestrator", "message": "Task failed: REPAIR_PROTOCOL", "context": {"hash": "21b7fd37f168f8f3b9999aa1a309676b", "name": "REPAIR_PROTOCOL", "error_type": "AttributeError", "traceback": "Traceback (most recent call last):\n  File \"/data/data/com.termux/files/home/hermuxclaw/core/orchestrator.py\", line 51, in run_cycle\n    self._execute_task(task)\n    ~~~~~~~~~~~~~~~~~~^^^^^^\n  File \"/data/data/com.termux/files/home/hermuxclaw/core/orchestrator.py\", line 79, in _execute_task\n    self.repair_protocol.execute_repair(data)\n    ~~~~~~~~~~~~~~~~~~~~~~~~~~~~~~~~~~~^^^^^^\n  File \"/data/data/com.termux/files/home/hermuxclaw/core/repair_protocol.py\", line 19, in execute_repair\n    component = error_entry.get(\"component\")\n                ^^^^^^^^^^^^^^^\nAttributeError: 'NoneType' object has no attribute 'get'\n"}}
{"timestamp": "2026-04-27T02:55:24.858508", "level": "INFO", "component": "HealthMonitor", "message": "Scheduled repair for: Orchestrator_TypeError", "context": {}}
{"timestamp": "2026-04-27T02:55:24.865876", "level": "INFO", "component": "HealthMonitor", "message": "Scheduled repair for: Orchestrator_AttributeError", "context": {}}
{"timestamp": "2026-04-27T02:55:24.870253", "level": "ERROR", "component": "RepairProtocol", "message": "Could not find file for component", "context": {"component": "Orchestrator", "error_type": "RepairFailure", "traceback": null}}
{"timestamp": "2026-04-27T02:55:29.876785", "level": "INFO", "component": "HealthMonitor", "message": "Scheduled repair for: Orchestrator_TypeError", "context": {}}
{"timestamp": "2026-04-27T02:55:29.877025", "level": "INFO", "component": "HealthMonitor", "message": "Scheduled repair for: Orchestrator_AttributeError", "context": {}}
{"timestamp": "2026-04-27T02:55:29.885089", "level": "INFO", "component": "HealthMonitor", "message": "Scheduled repair for: RepairProtocol_RepairFailure", "context": {}}
{"timestamp": "2026-04-27T02:55:29.895861", "level": "ERROR", "component": "RepairProtocol", "message": "Could not find file for component", "context": {"component": "RepairProtocol", "error_type": "RepairFailure", "traceback": null}}
{"timestamp": "2026-04-27T02:55:34.903262", "level": "INFO", "component": "HealthMonitor", "message": "Scheduled repair for: Orchestrator_TypeError", "context": {}}
{"timestamp": "2026-04-27T02:55:34.903555", "level": "INFO", "component": "HealthMonitor", "message": "Scheduled repair for: Orchestrator_AttributeError", "context": {}}
{"timestamp": "2026-04-27T02:55:34.917534", "level": "INFO", "component": "HealthMonitor", "message": "Scheduled repair for: RepairProtocol_RepairFailure", "context": {}}
{"timestamp": "2026-04-27T02:55:34.948368", "level": "ERROR", "component": "RepairProtocol", "message": "Could not find file for component", "context": {"component": "RepairProtocol", "error_type": "RepairFailure", "traceback": null}}
{"timestamp": "2026-04-27T02:55:39.955159", "level": "INFO", "component": "HealthMonitor", "message": "Scheduled repair for: Orchestrator_TypeError", "context": {}}
{"timestamp": "2026-04-27T02:55:39.955398", "level": "INFO", "component": "HealthMonitor", "message": "Scheduled repair for: Orchestrator_AttributeError", "context": {}}
{"timestamp": "2026-04-27T02:55:39.974851", "level": "INFO", "component": "HealthMonitor", "message": "Scheduled repair for: RepairProtocol_RepairFailure", "context": {}}
{"timestamp": "2026-04-27T02:55:39.982000", "level": "ERROR", "component": "RepairProtocol", "message": "Could not find file for component", "context": {"component": "RepairProtocol", "error_type": "RepairFailure", "traceback": null}}
{"timestamp": "2026-04-27T02:55:44.986836", "level": "INFO", "component": "HealthMonitor", "message": "Scheduled repair for: Orchestrator_TypeError", "context": {}}
{"timestamp": "2026-04-27T02:55:44.987129", "level": "INFO", "component": "HealthMonitor", "message": "Scheduled repair for: Orchestrator_AttributeError", "context": {}}
{"timestamp": "2026-04-27T02:55:44.999537", "level": "INFO", "component": "HealthMonitor", "message": "Scheduled repair for: RepairProtocol_RepairFailure", "context": {}}
{"timestamp": "2026-04-27T02:55:45.006661", "level": "ERROR", "component": "RepairProtocol", "message": "Could not find file for component", "context": {"component": "RepairProtocol", "error_type": "RepairFailure", "traceback": null}}
{"timestamp": "2026-04-27T02:55:50.013711", "level": "INFO", "component": "HealthMonitor", "message": "Scheduled repair for: Orchestrator_TypeError", "context": {}}
{"timestamp": "2026-04-27T02:55:50.014133", "level": "INFO", "component": "HealthMonitor", "message": "Scheduled repair for: Orchestrator_AttributeError", "context": {}}
{"timestamp": "2026-04-27T02:55:50.024141", "level": "INFO", "component": "HealthMonitor", "message": "Scheduled repair for: RepairProtocol_RepairFailure", "context": {}}
{"timestamp": "2026-04-27T02:55:55.031251", "level": "INFO", "component": "HealthMonitor", "message": "Scheduled repair for: Orchestrator_TypeError", "context": {}}
{"timestamp": "2026-04-27T02:55:55.031807", "level": "INFO", "component": "HealthMonitor", "message": "Scheduled repair for: Orchestrator_AttributeError", "context": {}}
{"timestamp": "2026-04-27T02:55:55.032127", "level": "INFO", "component": "HealthMonitor", "message": "Scheduled repair for: RepairProtocol_RepairFailure", "context": {}}
{"timestamp": "2026-04-27T02:56:00.033844", "level": "INFO", "component": "HealthMonitor", "message": "Scheduled repair for: Orchestrator_TypeError", "context": {}}
{"timestamp": "2026-04-27T02:56:00.034073", "level": "INFO", "component": "HealthMonitor", "message": "Scheduled repair for: Orchestrator_AttributeError", "context": {}}
{"timestamp": "2026-04-27T02:56:00.034197", "level": "INFO", "component": "HealthMonitor", "message": "Scheduled repair for: RepairProtocol_RepairFailure", "context": {}}
{"timestamp": "2026-04-27T02:56:00.037226", "level": "ERROR", "component": "Orchestrator", "message": "Task failed: DISCOVER_WORKSPACE", "context": {"hash": "5eb828b1210b182173a0ca053191b4bd", "name": "DISCOVER_WORKSPACE", "data": null, "error_type": "TypeError", "traceback": "Traceback (most recent call last):\n  File \"/data/data/com.termux/files/home/hermuxclaw/core/orchestrator.py\", line 51, in run_cycle\n    self._execute_task(task)\n    ~~~~~~~~~~~~~~~~~~^^^^^^\n  File \"/data/data/com.termux/files/home/hermuxclaw/core/orchestrator.py\", line 75, in _execute_task\n    scheduler.add_task(\"MAP_FILE\", priority=5, data=os.path.join(root, f))\n    ~~~~~~~~~~~~~~~~~~^^^^^^^^^^^^^^^^^^^^^^^^^^^^^^^^^^^^^^^^^^^^^^^^^^^^\n  File \"/data/data/com.termux/files/home/hermuxclaw/core/scheduler.py\", line 40, in add_task\n    heapq.heappush(self.queue, (-priority, {\"hash\": task_hash, \"name\": name, \"data\": data}))\n    ~~~~~~~~~~~~~~^^^^^^^^^^^^^^^^^^^^^^^^^^^^^^^^^^^^^^^^^^^^^^^^^^^^^^^^^^^^^^^^^^^^^^^^^^\nTypeError: '<' not supported between instances of 'dict' and 'dict'\n"}}
{"timestamp": "2026-04-27T02:56:05.047176", "level": "INFO", "component": "HealthMonitor", "message": "Scheduled repair for: Orchestrator_TypeError", "context": {}}
{"timestamp": "2026-04-27T02:56:05.047552", "level": "INFO", "component": "HealthMonitor", "message": "Scheduled repair for: Orchestrator_AttributeError", "context": {}}
{"timestamp": "2026-04-27T02:56:05.047784", "level": "INFO", "component": "HealthMonitor", "message": "Scheduled repair for: RepairProtocol_RepairFailure", "context": {}}
{"timestamp": "2026-04-27T03:07:59.476872", "level": "INFO", "component": "HealthMonitor", "message": "Scheduled repair for: Orchestrator_TypeError", "context": {}}
