
[HERMUXCLAW] Starting Evolution Cycle: 2026-04-27 03:08:12
[✓] Skill registered: ast_analyzer
[✓] Skill registered: discovery_engine
[✓] Skill registered: skill_extractor
[✓] Skill registered: register_skill
[✓] Skill registered: visit_import
[✓] Skill registered: scan_directory
[✓] Skill registered: extract_code_block
[✓] Skill registered: load_providers
[✓] Skill registered: __getitem__
[✓] Skill registered: set_model
[✓] Skill registered: neural_mutator
[✓] Skill registered: _evolution_and_sync
[✓] Skill registered: execute
[✓] Skill registered: vision_processor
[✓] Skill registered: low_ram_vision
[HERMUXCLAW] Cycle Complete.

[HERMUXCLAW] Starting Evolution Cycle: 2026-04-27 03:08:12
[✓] Skill registered: ast_analyzer
[✓] Skill registered: discovery_engine
[✓] Skill registered: skill_extractor
[✓] Skill registered: register_skill
[✓] Skill registered: visit_import
[✓] Skill registered: scan_directory
[✓] Skill registered: extract_code_block
[✓] Skill registered: load_providers
[✓] Skill registered: __getitem__
[✓] Skill registered: set_model
[✓] Skill registered: neural_mutator
[✓] Skill registered: _evolution_and_sync
[✓] Skill registered: execute
[✓] Skill registered: vision_processor
[✓] Skill registered: low_ram_vision
[HERMUXCLAW] Cycle Complete.

[HERMUXCLAW] Starting Evolution Cycle: 2026-04-27 03:08:12
[✓] Skill registered: ast_analyzer
[✓] Skill registered: discovery_engine
[✓] Skill registered: skill_extractor
[✓] Skill registered: register_skill
[✓] Skill registered: visit_import
[✓] Skill registered: scan_directory
[✓] Skill registered: extract_code_block
[✓] Skill registered: load_providers
[✓] Skill registered: __getitem__
[✓] Skill registered: set_model
[✓] Skill registered: neural_mutator
[✓] Skill registered: _evolution_and_sync
[✓] Skill registered: execute
[✓] Skill registered: vision_processor
[✓] Skill registered: low_ram_vision
[HERMUXCLAW] Cycle Complete.

[03:08:12] 🌍 INITIATING ECOSYSTEM CYCLE
  [🌱 GERMINATION & 🌿 GROWTH] Semantic AST Harvesting...

[🧠 ROOT SYSTEM] Initiating Deep AST Semantic Harvest...
  [🔍] AST Discovery: Scanning /data/data/com.termux/files/home/lead_engine...
  [🔍] AST Discovery: Scanning /data/data/com.termux/files/home/HacxGPT-CLI...
  [🔍] AST Discovery: Scanning /data/data/com.termux/files/home/hermuxclaw...
  [📚] Indexing 493 AST fragments into Semantic Memory...
  [+] Added 0 new embeddings to the Semantic Index.
  [🔍] Seeking high-value structural concepts from Semantic Memory...
  [🌼 POLLINATION] Synthesizing MCPs...
  [🍂 DECAY] Pruning weak logic...
  [🧬 EVOLUTION & SWARM] Integrating DNA...

[🕸️ SWARM] Synchronizing with peers...
[🕸️ SWARM] Sync complete. Integrated 0 foreign genomes.

[🧬 EVOLUTION] Starting 1 generation(s)...
  [🔀] Crossing over: evo_seed_exec + evo_exec_evo_
[*] Neural Mutator: Analyzing and Refining Crossover evo_seed_exec and evo_exec_evo_...
  [⚡] Mutating child...
    [🧠] Applying Neural Mutation...
[*] Neural Mutator: Analyzing and Refining Mutate and optimize this skill....
  [🧪] Evaluating fitness...
  [✓] Child evo_evo__evo_ evaluated. Fitness: 1.00
  [🔀] Crossing over: evo_exec_evo_ + evo_evo__evo_
[*] Neural Mutator: Analyzing and Refining Crossover evo_exec_evo_ and evo_evo__evo_...
  [⚡] Mutating child...
    [🧠] Applying Neural Mutation...
[*] Neural Mutator: Analyzing and Refining Mutate and optimize this skill....
  [🧪] Evaluating fitness...
  [✓] Child evo_evo__evo_ evaluated. Fitness: 1.00
  [🔀] Crossing over: evo_evo__evo_ + evo_evo__evo_
[*] Neural Mutator: Analyzing and Refining Crossover evo_evo__evo_ and evo_evo__evo_...
  [⚡] Mutating child...
    [🧠] Applying Neural Mutation...
[*] Neural Mutator: Analyzing and Refining Mutate and optimize this skill....
  [🧪] Evaluating fitness...
  [✓] Child evo_evo__evo_ evaluated. Fitness: 1.00
  [🔀] Crossing over: evo_evo__evo_ + evo_evo__evo_
[*] Neural Mutator: Analyzing and Refining Crossover evo_evo__evo_ and evo_evo__evo_...
  [⚡] Mutating child...
    [⚡] Applying AST-Safe Mutation...
  [🧪] Evaluating fitness...
  [✓] Child evo_evo__evo_ evaluated. Fitness: 1.00
  [🔀] Crossing over: evo_evo__evo_ + evo_evo__evo_
[*] Neural Mutator: Analyzing and Refining Crossover evo_evo__evo_ and evo_evo__evo_...
  [⚡] Mutating child...
    [🧠] Applying Neural Mutation...
[*] Neural Mutator: Analyzing and Refining Mutate and optimize this skill....
  [🧪] Evaluating fitness...
  [✓] Child evo_evo__evo_ evaluated. Fitness: 1.00
  [🔀] Crossing over: evo_evo__evo_ + evo_evo__evo_
[*] Neural Mutator: Analyzing and Refining Crossover evo_evo__evo_ and evo_evo__evo_...
  [⚡] Mutating child...
    [⚡] Applying AST-Safe Mutation...
  [🧪] Evaluating fitness...
  [✓] Child evo_evo__evo_ evaluated. Fitness: 1.00
  [🔀] Crossing over: evo_evo__evo_ + evo_evo__evo_
[*] Neural Mutator: Analyzing and Refining Crossover evo_evo__evo_ and evo_evo__evo_...
  [⚡] Mutating child...
    [⚡] Applying AST-Safe Mutation...
      - Changed int 30 to 29
  [🧪] Evaluating fitness...
  [✓] Child evo_evo__evo_ evaluated. Fitness: 1.00
  [🔀] Crossing over: evo_evo__evo_ + evo_evo__evo_
[*] Neural Mutator: Analyzing and Refining Crossover evo_evo__evo_ and evo_evo__evo_...
  [⚡] Mutating child...
    [⚡] Applying AST-Safe Mutation...
      - Changed int 30 to 29
  [🧪] Evaluating fitness...
  [✓] Child evo_evo__evo_ evaluated. Fitness: 1.00
  [🔀] Crossing over: evo_evo__evo_ + evo_evo__evo_
[*] Neural Mutator: Analyzing and Refining Crossover evo_evo__evo_ and evo_evo__evo_...
  [⚡] Mutating child...
    [🧠] Applying Neural Mutation...
[*] Neural Mutator: Analyzing and Refining Mutate and optimize this skill....
  [🧪] Evaluating fitness...
  [✓] Child evo_evo__evo_ evaluated. Fitness: 1.00
[🧬 EVOLUTION] Complete. Population size: 50
[03:09:41] 🌍 CYCLE COMPLETE. Active Skills: 15, Population: 50

[HERMUXCLAW] Starting Evolution Cycle: 2026-04-27 03:10:00
[✓] Skill registered: ast_analyzer
[✓] Skill registered: discovery_engine
[✓] Skill registered: skill_extractor
[✓] Skill registered: register_skill
[✓] Skill registered: visit_import
[✓] Skill registered: scan_directory
[✓] Skill registered: extract_code_block
[✓] Skill registered: load_providers
[✓] Skill registered: __getitem__
[✓] Skill registered: set_model
[✓] Skill registered: neural_mutator
[✓] Skill registered: _evolution_and_sync
[✓] Skill registered: execute
[✓] Skill registered: vision_processor
[✓] Skill registered: low_ram_vision
[HERMUXCLAW] Cycle Complete.

[HERMUXCLAW] Starting Evolution Cycle: 2026-04-27 03:10:00
[✓] Skill registered: ast_analyzer
[✓] Skill registered: discovery_engine
[✓] Skill registered: skill_extractor
[✓] Skill registered: register_skill
[✓] Skill registered: visit_import
[✓] Skill registered: scan_directory
[✓] Skill registered: extract_code_block
[✓] Skill registered: load_providers
[✓] Skill registered: __getitem__
[✓] Skill registered: set_model
[✓] Skill registered: neural_mutator
[✓] Skill registered: _evolution_and_sync
[✓] Skill registered: execute
[✓] Skill registered: vision_processor
[✓] Skill registered: low_ram_vision
[HERMUXCLAW] Cycle Complete.

[HERMUXCLAW] Starting Evolution Cycle: 2026-04-27 03:10:00
[✓] Skill registered: ast_analyzer
[✓] Skill registered: discovery_engine
[✓] Skill registered: skill_extractor
[✓] Skill registered: register_skill
[✓] Skill registered: visit_import
[✓] Skill registered: scan_directory
[✓] Skill registered: extract_code_block
[✓] Skill registered: load_providers
[✓] Skill registered: __getitem__
[✓] Skill registered: set_model
[✓] Skill registered: neural_mutator
[✓] Skill registered: _evolution_and_sync
[✓] Skill registered: execute
[✓] Skill registered: vision_processor
[✓] Skill registered: low_ram_vision
[HERMUXCLAW] Cycle Complete.

[03:10:00] 🌍 INITIATING ECOSYSTEM CYCLE
  [🌱 GERMINATION & 🌿 GROWTH] Semantic AST Harvesting...

[🧠 ROOT SYSTEM] Initiating Deep AST Semantic Harvest...
  [🔍] AST Discovery: Scanning /data/data/com.termux/files/home/lead_engine...
  [🔍] AST Discovery: Scanning /data/data/com.termux/files/home/HacxGPT-CLI...
  [🔍] AST Discovery: Scanning /data/data/com.termux/files/home/hermuxclaw...
  [📚] Indexing 493 AST fragments into Semantic Memory...
  [+] Added 0 new embeddings to the Semantic Index.
  [🔍] Seeking high-value structural concepts from Semantic Memory...
  [🌼 POLLINATION] Synthesizing MCPs...
  [🍂 DECAY] Pruning weak logic...
  [🧬 EVOLUTION & SWARM] Integrating DNA...

[🕸️ SWARM] Synchronizing with peers...
[🕸️ SWARM] Sync complete. Integrated 0 foreign genomes.

[🧬 EVOLUTION] Starting 1 generation(s)...
  [🔀] Crossing over: evo_seed_exec + evo_exec_evo_
[*] Neural Mutator: Analyzing and Refining Crossover evo_seed_exec and evo_exec_evo_...
  [⚡] Mutating child...
    [⚡] Applying AST-Safe Mutation...
  [🧪] Evaluating fitness...
  [✓] Child evo_evo__evo_ evaluated. Fitness: 1.00
  [🔀] Crossing over: evo_exec_evo_ + evo_evo__evo_
[*] Neural Mutator: Analyzing and Refining Crossover evo_exec_evo_ and evo_evo__evo_...
  [⚡] Mutating child...
    [🧠] Applying Neural Mutation...
[*] Neural Mutator: Analyzing and Refining Mutate and optimize this skill....
  [🧪] Evaluating fitness...
  [✓] Child evo_evo__evo_ evaluated. Fitness: 1.00
  [🔀] Crossing over: evo_evo__evo_ + evo_evo__evo_
[*] Neural Mutator: Analyzing and Refining Crossover evo_evo__evo_ and evo_evo__evo_...
  [⚡] Mutating child...
    [🧠] Applying Neural Mutation...
[*] Neural Mutator: Analyzing and Refining Mutate and optimize this skill....
  [🧪] Evaluating fitness...
  [✓] Child evo_evo__evo_ evaluated. Fitness: 0.00
  [🔀] Crossing over: evo_evo__evo_ + evo_evo__evo_
[*] Neural Mutator: Analyzing and Refining Crossover evo_evo__evo_ and evo_evo__evo_...
  [⚡] Mutating child...
    [🧠] Applying Neural Mutation...
[*] Neural Mutator: Analyzing and Refining Mutate and optimize this skill....
  [🧪] Evaluating fitness...
  [✓] Child evo_evo__evo_ evaluated. Fitness: 0.00
  [🔀] Crossing over: evo_evo__evo_ + evo_evo__evo_
[*] Neural Mutator: Analyzing and Refining Crossover evo_evo__evo_ and evo_evo__evo_...
  [⚡] Mutating child...
    [⚡] Applying AST-Safe Mutation...
  [🧪] Evaluating fitness...
  [✓] Child evo_evo__evo_ evaluated. Fitness: 1.00
  [🔀] Crossing over: evo_evo__evo_ + evo_evo__evo_
[*] Neural Mutator: Analyzing and Refining Crossover evo_evo__evo_ and evo_evo__evo_...
  [⚡] Mutating child...
    [⚡] Applying AST-Safe Mutation...
      - Swapped binary operator Mult to Div
      - Changed int 1 to 2
  [🧪] Evaluating fitness...
  [✓] Child evo_evo__evo_ evaluated. Fitness: 1.00
  [🔀] Crossing over: evo_evo__evo_ + evo_evo__evo_
[*] Neural Mutator: Analyzing and Refining Crossover evo_evo__evo_ and evo_evo__evo_...
  [⚡] Mutating child...
    [⚡] Applying AST-Safe Mutation...
  [🧪] Evaluating fitness...
  [✓] Child evo_evo__evo_ evaluated. Fitness: 1.00
  [🔀] Crossing over: evo_evo__evo_ + evo_evo__evo_
[*] Neural Mutator: Analyzing and Refining Crossover evo_evo__evo_ and evo_evo__evo_...
  [⚡] Mutating child...
    [⚡] Applying AST-Safe Mutation...
  [🧪] Evaluating fitness...
  [✓] Child evo_evo__evo_ evaluated. Fitness: 1.00
  [🔀] Crossing over: evo_evo__evo_ + evo_evo__evo_
[*] Neural Mutator: Analyzing and Refining Crossover evo_evo__evo_ and evo_evo__evo_...
  [⚡] Mutating child...
    [⚡] Applying AST-Safe Mutation...
      - Changed int 10 to 11
  [🧪] Evaluating fitness...
  [✓] Child evo_evo__evo_ evaluated. Fitness: 1.00
[🧬 EVOLUTION] Complete. Population size: 50
[03:11:18] 🌍 CYCLE COMPLETE. Active Skills: 15, Population: 50

[HERMUXCLAW] Starting Evolution Cycle: 2026-04-27 03:13:01
[✓] Skill registered: ast_analyzer
[✓] Skill registered: discovery_engine
[✓] Skill registered: skill_extractor
[✓] Skill registered: register_skill
[✓] Skill registered: visit_import
[✓] Skill registered: scan_directory
[✓] Skill registered: extract_code_block
[✓] Skill registered: load_providers
[✓] Skill registered: __getitem__
[✓] Skill registered: set_model
[✓] Skill registered: neural_mutator
[✓] Skill registered: _evolution_and_sync
[✓] Skill registered: execute
[✓] Skill registered: vision_processor
[✓] Skill registered: low_ram_vision
[HERMUXCLAW] Cycle Complete.

[HERMUXCLAW] Starting Evolution Cycle: 2026-04-27 03:13:02
[✓] Skill registered: ast_analyzer
[✓] Skill registered: discovery_engine
[✓] Skill registered: skill_extractor
[✓] Skill registered: register_skill
[✓] Skill registered: visit_import
[✓] Skill registered: scan_directory
[✓] Skill registered: extract_code_block
[✓] Skill registered: load_providers
[✓] Skill registered: __getitem__
[✓] Skill registered: set_model
[✓] Skill registered: neural_mutator
[✓] Skill registered: _evolution_and_sync
[✓] Skill registered: execute
[✓] Skill registered: vision_processor
[✓] Skill registered: low_ram_vision
[HERMUXCLAW] Cycle Complete.

[HERMUXCLAW] Starting Evolution Cycle: 2026-04-27 03:13:02
[✓] Skill registered: ast_analyzer
[✓] Skill registered: discovery_engine
[✓] Skill registered: skill_extractor
[✓] Skill registered: register_skill
[✓] Skill registered: visit_import
[✓] Skill registered: scan_directory
[✓] Skill registered: extract_code_block
[✓] Skill registered: load_providers
[✓] Skill registered: __getitem__
[✓] Skill registered: set_model
[✓] Skill registered: neural_mutator
[✓] Skill registered: _evolution_and_sync
[✓] Skill registered: execute
[✓] Skill registered: vision_processor
[✓] Skill registered: low_ram_vision
[HERMUXCLAW] Cycle Complete.

[03:13:02] 🌍 INITIATING ECOSYSTEM CYCLE
  [🌱 GERMINATION & 🌿 GROWTH] Semantic AST Harvesting...

[🧠 ROOT SYSTEM] Initiating Deep AST Semantic Harvest...
  [🔍] AST Discovery: Scanning /data/data/com.termux/files/home/lead_engine...
  [🔍] AST Discovery: Scanning /data/data/com.termux/files/home/HacxGPT-CLI...
  [🔍] AST Discovery: Scanning /data/data/com.termux/files/home/hermuxclaw...
  [📚] Indexing 493 AST fragments into Semantic Memory...
  [+] Added 0 new embeddings to the Semantic Index.
  [🔍] Seeking high-value structural concepts from Semantic Memory...
  [🌼 POLLINATION] Synthesizing MCPs...
  [🍂 DECAY] Pruning weak logic...
  [🧬 EVOLUTION & SWARM] Integrating DNA...

[🕸️ SWARM] Synchronizing with peers...
[🕸️ SWARM] Sync complete. Integrated 0 foreign genomes.

[🧬 EVOLUTION] Starting 1 generation(s)...
  [🔀] Crossing over: evo_seed_exec + evo_exec_evo_
[*] Neural Mutator: Analyzing and Refining Crossover evo_seed_exec and evo_exec_evo_...
  [⚡] Mutating child...
    [⚡] Applying AST-Safe Mutation...
      - Changed int 0 to -1
  [🧪] Evaluating fitness...
  [✓] Child evo_evo__evo_ evaluated. Fitness: 1.00
  [🔀] Crossing over: evo_exec_evo_ + evo_evo__evo_
[*] Neural Mutator: Analyzing and Refining Crossover evo_exec_evo_ and evo_evo__evo_...
  [⚡] Mutating child...
    [⚡] Applying AST-Safe Mutation...
  [🧪] Evaluating fitness...
  [✓] Child evo_evo__evo_ evaluated. Fitness: 1.00
  [🔀] Crossing over: evo_evo__evo_ + evo_evo__evo_
[*] Neural Mutator: Analyzing and Refining Crossover evo_evo__evo_ and evo_evo__evo_...
  [⚡] Mutating child...
    [🧠] Applying Neural Mutation...
[*] Neural Mutator: Analyzing and Refining Mutate and optimize this skill....
  [🧪] Evaluating fitness...
  [✓] Child evo_evo__evo_ evaluated. Fitness: 0.00
  [🔀] Crossing over: evo_evo__evo_ + evo_evo__evo_
[*] Neural Mutator: Analyzing and Refining Crossover evo_evo__evo_ and evo_evo__evo_...
  [⚡] Mutating child...
    [🧠] Applying Neural Mutation...
[*] Neural Mutator: Analyzing and Refining Mutate and optimize this skill....
  [🧪] Evaluating fitness...
  [✓] Child evo_evo__evo_ evaluated. Fitness: 0.00
  [🔀] Crossing over: evo_evo__evo_ + evo_evo__evo_
[*] Neural Mutator: Analyzing and Refining Crossover evo_evo__evo_ and evo_evo__evo_...
  [⚡] Mutating child...
    [⚡] Applying AST-Safe Mutation...
  [🧪] Evaluating fitness...
  [✓] Child evo_evo__evo_ evaluated. Fitness: 1.00
  [🔀] Crossing over: evo_evo__evo_ + evo_evo__evo_
[*] Neural Mutator: Analyzing and Refining Crossover evo_evo__evo_ and evo_evo__evo_...
  [⚡] Mutating child...
    [⚡] Applying AST-Safe Mutation...
  [🧪] Evaluating fitness...
  [✓] Child evo_evo__evo_ evaluated. Fitness: 1.00
  [🔀] Crossing over: evo_evo__evo_ + evo_evo__evo_
[*] Neural Mutator: Analyzing and Refining Crossover evo_evo__evo_ and evo_evo__evo_...
  [⚡] Mutating child...
    [🧠] Applying Neural Mutation...
[*] Neural Mutator: Analyzing and Refining Mutate and optimize this skill....
  [🧪] Evaluating fitness...
  [✓] Child evo_evo__evo_ evaluated. Fitness: 1.00
  [🔀] Crossing over: evo_evo__evo_ + evo_evo__evo_
[*] Neural Mutator: Analyzing and Refining Crossover evo_evo__evo_ and evo_evo__evo_...
  [⚡] Mutating child...
    [⚡] Applying AST-Safe Mutation...
  [🧪] Evaluating fitness...
  [✓] Child evo_evo__evo_ evaluated. Fitness: 1.00
  [🔀] Crossing over: evo_evo__evo_ + evo_evo__evo_
[*] Neural Mutator: Analyzing and Refining Crossover evo_evo__evo_ and evo_evo__evo_...
  [⚡] Mutating child...
    [⚡] Applying AST-Safe Mutation...
  [🧪] Evaluating fitness...
  [✓] Child evo_evo__evo_ evaluated. Fitness: 1.00
[🧬 EVOLUTION] Complete. Population size: 50
[03:14:25] 🌍 CYCLE COMPLETE. Active Skills: 15, Population: 50
